<?xml version="1.0" encoding="utf-8"?><testsuites name="pytest tests"><testsuite name="pytest" errors="0" failures="0" skipped="0" tests="14" time="3.015" timestamp="2026-05-19T04:57:11.568251+00:00" hostname="agent-env-9ee256c9-567c-4234-a2cf-3fc7baa6229a"><testcase classname="backend.tests.test_poses_api" name="test_root_endpoint" time="0.362" /><testcase classname="backend.tests.test_poses_api" name="test_get_all_poses" time="0.144" /><testcase classname="backend.tests.test_poses_api" name="test_get_poses_by_mood[Y2K Aesthetic-2]" time="0.157" /><testcase classname="backend.tests.test_poses_api" name="test_get_poses_by_mood[Vogue Editorial-2]" time="0.235" /><testcase classname="backend.tests.test_poses_api" name="test_get_poses_by_mood[Candid Streetwear-3]" time="0.222" /><testcase classname="backend.tests.test_poses_api" name="test_get_poses_by_scene[urban_street]" time="0.147" /><testcase classname="backend.tests.test_poses_api" name="test_get_poses_by_scene[beach]" time="0.136" /><testcase classname="backend.tests.test_poses_api" name="test_get_poses_by_scene[indoor_cafe]" time="0.145" /><testcase classname="backend.tests.test_poses_api" name="test_get_poses_by_scene[architectural]" time="0.132" /><testcase classname="backend.tests.test_poses_api" name="test_poses_mood_and_scene" time="0.222" /><testcase classname="backend.tests.test_poses_api" name="test_no_mongo_id_leaked" time="0.150" /><testcase classname="backend.tests.test_poses_api" name="test_filter_no_match" time="0.151" /><testcase classname="backend.tests.test_poses_api" name="test_get_pose_by_id" time="0.308" /><testcase classname="backend.tests.test_poses_api" name="test_status_create_and_get" time="0.253" /></testsuite></testsuites>